2025-03-23 13:00:52,081 - INFO - Note: NumExpr detected 12 cores but "NUMEXPR_MAX_THREADS" not set, so enforcing safe limit of 8.
2025-03-23 13:00:52,081 - INFO - NumExpr defaulting to 8 threads.
2025-03-23 13:02:19,607 - INFO - Fetching real-time event data...
2025-03-23 13:02:31,744 - INFO - Fetching real-time event data...
2025-03-23 13:02:43,869 - INFO - Fetching real-time event data...
2025-03-23 13:02:56,151 - INFO - Fetching real-time event data...
2025-03-23 13:03:08,755 - INFO - Fetching real-time event data...
2025-03-23 13:03:21,193 - INFO - Fetching real-time event data...
2025-03-23 13:03:33,635 - INFO - Fetching real-time event data...
2025-03-23 13:03:45,979 - INFO - Fetching real-time event data...
2025-03-23 13:03:58,327 - INFO - Fetching real-time event data...
2025-03-23 13:04:10,549 - INFO - Fetching real-time event data...
2025-03-23 13:04:23,124 - INFO - Fetching real-time event data...
2025-03-23 13:04:35,744 - INFO - Fetching real-time event data...
2025-03-23 13:04:48,217 - INFO - Fetching real-time event data...
2025-03-23 13:05:00,514 - INFO - Fetching real-time event data...
2025-03-23 13:07:34,353 - INFO - Fetching real-time event data...
2025-03-23 13:07:46,746 - INFO - Fetching real-time event data...
2025-03-23 13:23:39,662 - INFO - Note: NumExpr detected 12 cores but "NUMEXPR_MAX_THREADS" not set, so enforcing safe limit of 8.
2025-03-23 13:23:39,662 - INFO - NumExpr defaulting to 8 threads.
2025-03-23 13:24:03,582 - INFO - Fetching real-time event data...
2025-03-23 13:24:16,105 - INFO - Fetching real-time event data...
2025-03-23 13:24:28,670 - INFO - Fetching real-time event data...
2025-03-23 13:24:41,089 - INFO - Fetching real-time event data...
2025-03-23 13:24:53,343 - INFO - Fetching real-time event data...
2025-03-23 13:25:05,879 - INFO - Fetching real-time event data...
2025-03-23 13:25:18,142 - INFO - Fetching real-time event data...
2025-03-23 13:25:30,167 - INFO - Fetching real-time event data...
2025-03-23 13:25:42,346 - INFO - Fetching real-time event data...
2025-03-23 13:25:54,700 - INFO - Fetching real-time event data...
2025-03-23 13:26:07,278 - INFO - Fetching real-time event data...
2025-03-23 13:26:19,674 - INFO - Fetching real-time event data...
2025-03-23 13:26:31,938 - INFO - Fetching real-time event data...
2025-03-23 13:26:44,287 - INFO - Fetching real-time event data...
2025-03-23 13:26:56,255 - INFO - Fetching real-time event data...
2025-03-23 13:27:08,454 - INFO - Fetching real-time event data...
2025-03-23 13:27:20,442 - INFO - Fetching real-time event data...
2025-03-23 13:27:32,193 - INFO - Fetching real-time event data...
2025-03-23 13:27:44,094 - INFO - Fetching real-time event data...
2025-03-23 13:27:55,946 - INFO - Fetching real-time event data...
2025-03-23 13:28:07,959 - INFO - Fetching real-time event data...
2025-03-23 13:28:19,584 - INFO - Fetching real-time event data...
2025-03-23 13:28:31,328 - INFO - Fetching real-time event data...
2025-03-23 13:28:43,769 - INFO - Fetching real-time event data...
2025-03-23 13:28:56,481 - INFO - Fetching real-time event data...
2025-03-23 13:29:08,552 - INFO - Fetching real-time event data...
2025-03-23 13:29:20,564 - INFO - Fetching real-time event data...
2025-03-23 13:29:32,438 - INFO - Fetching real-time event data...
2025-03-23 13:29:44,356 - INFO - Fetching real-time event data...
2025-03-23 13:29:56,379 - INFO - Fetching real-time event data...
2025-03-23 13:30:08,581 - INFO - Fetching real-time event data...
2025-03-23 13:30:20,616 - INFO - Fetching real-time event data...
2025-03-23 13:30:32,999 - INFO - Fetching real-time event data...
2025-03-23 13:30:45,652 - INFO - Fetching real-time event data...
2025-03-23 13:30:58,263 - INFO - Fetching real-time event data...
2025-03-23 13:31:10,449 - INFO - Fetching real-time event data...
2025-03-23 13:31:22,665 - INFO - Fetching real-time event data...
2025-03-23 13:31:34,934 - INFO - Fetching real-time event data...
2025-03-23 13:31:47,109 - INFO - Fetching real-time event data...
2025-03-23 13:31:59,775 - INFO - Fetching real-time event data...
2025-03-23 13:32:12,016 - INFO - Fetching real-time event data...
2025-03-23 13:32:24,415 - INFO - Fetching real-time event data...
2025-03-23 13:32:36,680 - INFO - Fetching real-time event data...
2025-03-23 13:32:49,229 - INFO - Fetching real-time event data...
2025-03-23 13:33:01,495 - INFO - Fetching real-time event data...
2025-03-23 13:33:13,979 - INFO - Fetching real-time event data...
2025-03-23 13:33:26,295 - INFO - Fetching real-time event data...
2025-03-23 13:33:38,668 - INFO - Fetching real-time event data...
2025-03-23 13:33:51,133 - INFO - Fetching real-time event data...
2025-03-23 13:34:03,651 - INFO - Fetching real-time event data...
2025-03-23 13:34:15,926 - INFO - Fetching real-time event data...
2025-03-23 13:34:28,126 - INFO - Fetching real-time event data...
2025-03-23 13:34:40,469 - INFO - Fetching real-time event data...
2025-03-23 13:34:53,334 - INFO - Fetching real-time event data...
2025-03-23 13:35:05,671 - INFO - Fetching real-time event data...
2025-03-23 13:35:18,307 - INFO - Fetching real-time event data...
2025-03-23 13:35:30,458 - INFO - Fetching real-time event data...
2025-03-23 13:35:42,605 - INFO - Fetching real-time event data...
2025-03-23 13:35:54,796 - INFO - Fetching real-time event data...
2025-03-23 13:36:06,979 - INFO - Fetching real-time event data...
2025-03-23 13:36:19,639 - INFO - Fetching real-time event data...
2025-03-23 13:36:31,969 - INFO - Fetching real-time event data...
2025-03-23 13:36:43,755 - INFO - Fetching real-time event data...
2025-03-23 13:36:55,774 - INFO - Fetching real-time event data...
2025-03-23 13:37:07,844 - INFO - Fetching real-time event data...
2025-03-23 13:37:19,742 - INFO - Fetching real-time event data...
2025-03-23 13:37:31,876 - INFO - Fetching real-time event data...
2025-03-23 13:37:43,931 - INFO - Fetching real-time event data...
2025-03-23 13:37:56,174 - INFO - Fetching real-time event data...
2025-03-23 13:38:08,049 - INFO - Fetching real-time event data...
2025-03-23 13:38:19,912 - INFO - Fetching real-time event data...
2025-03-23 13:38:31,891 - INFO - Fetching real-time event data...
2025-03-23 13:38:43,970 - INFO - Fetching real-time event data...
2025-03-23 13:38:56,155 - INFO - Fetching real-time event data...
2025-03-23 13:39:08,136 - INFO - Fetching real-time event data...
2025-03-23 13:39:20,327 - INFO - Fetching real-time event data...
2025-03-23 13:39:32,335 - INFO - Fetching real-time event data...
2025-03-23 13:39:44,487 - INFO - Fetching real-time event data...
2025-03-23 13:39:56,642 - INFO - Fetching real-time event data...
2025-03-23 13:40:08,752 - INFO - Fetching real-time event data...
2025-03-23 13:40:20,647 - INFO - Fetching real-time event data...
2025-03-23 13:40:32,914 - INFO - Fetching real-time event data...
2025-03-23 13:40:44,812 - INFO - Fetching real-time event data...
2025-03-23 13:40:56,682 - INFO - Fetching real-time event data...
2025-03-23 13:41:08,956 - INFO - Fetching real-time event data...
2025-03-23 13:41:20,878 - INFO - Fetching real-time event data...
2025-03-23 13:41:32,599 - INFO - Fetching real-time event data...
2025-03-23 13:41:44,755 - INFO - Fetching real-time event data...
2025-03-23 13:41:56,513 - INFO - Fetching real-time event data...
2025-03-23 13:42:08,853 - INFO - Fetching real-time event data...
2025-03-23 13:42:20,633 - INFO - Fetching real-time event data...
2025-03-23 13:42:32,821 - INFO - Fetching real-time event data...
2025-03-23 13:42:44,901 - INFO - Fetching real-time event data...
2025-03-23 13:42:56,816 - INFO - Fetching real-time event data...
2025-03-23 13:43:08,773 - INFO - Fetching real-time event data...
2025-03-23 13:43:20,825 - INFO - Fetching real-time event data...
2025-03-23 13:43:32,632 - INFO - Fetching real-time event data...
2025-03-23 13:43:44,762 - INFO - Fetching real-time event data...
2025-03-23 13:43:57,070 - INFO - Fetching real-time event data...
2025-03-23 13:44:09,078 - INFO - Fetching real-time event data...
2025-03-23 13:44:21,289 - INFO - Fetching real-time event data...
2025-03-23 13:44:33,501 - INFO - Fetching real-time event data...
2025-03-23 13:44:45,353 - INFO - Fetching real-time event data...
2025-03-23 13:44:57,346 - INFO - Fetching real-time event data...
2025-03-23 13:45:09,151 - INFO - Fetching real-time event data...
2025-03-23 13:45:21,647 - INFO - Fetching real-time event data...
2025-03-23 13:45:33,423 - INFO - Fetching real-time event data...
2025-03-23 13:45:45,548 - INFO - Fetching real-time event data...
2025-03-23 13:45:57,665 - INFO - Fetching real-time event data...
2025-03-23 13:46:09,901 - INFO - Fetching real-time event data...
2025-03-23 13:46:21,819 - INFO - Fetching real-time event data...
2025-03-23 13:46:33,555 - INFO - Fetching real-time event data...
2025-03-23 13:46:45,503 - INFO - Fetching real-time event data...
2025-03-23 13:46:57,251 - INFO - Fetching real-time event data...
2025-03-23 13:47:09,238 - INFO - Fetching real-time event data...
2025-03-23 13:47:21,243 - INFO - Fetching real-time event data...
2025-03-23 13:47:33,179 - INFO - Fetching real-time event data...
2025-03-23 13:47:45,003 - INFO - Fetching real-time event data...
2025-03-23 13:47:56,826 - INFO - Fetching real-time event data...
2025-03-23 13:48:08,621 - INFO - Fetching real-time event data...
2025-03-23 13:48:20,572 - INFO - Fetching real-time event data...
2025-03-23 13:48:32,455 - INFO - Fetching real-time event data...
2025-03-23 13:48:44,663 - INFO - Fetching real-time event data...
2025-03-23 13:48:56,568 - INFO - Fetching real-time event data...
2025-03-23 13:49:08,683 - INFO - Fetching real-time event data...
2025-03-23 13:49:20,589 - INFO - Fetching real-time event data...
2025-03-23 13:49:32,582 - INFO - Fetching real-time event data...
2025-03-23 13:49:44,160 - INFO - Fetching real-time event data...
2025-03-23 13:49:56,131 - INFO - Fetching real-time event data...
2025-03-23 13:50:08,183 - INFO - Fetching real-time event data...
2025-03-23 13:50:20,195 - INFO - Fetching real-time event data...
2025-03-23 13:50:32,286 - INFO - Fetching real-time event data...
2025-03-23 13:50:44,282 - INFO - Fetching real-time event data...
2025-03-23 13:51:16,839 - INFO - Note: NumExpr detected 12 cores but "NUMEXPR_MAX_THREADS" not set, so enforcing safe limit of 8.
2025-03-23 13:51:16,847 - INFO - NumExpr defaulting to 8 threads.
2025-03-23 13:55:46,930 - INFO - Fetching real-time event data...
2025-03-23 14:10:46,846 - INFO - Fetching real-time event data...
2025-03-23 14:10:59,206 - INFO - Fetching real-time event data...
2025-03-23 14:11:11,190 - INFO - Fetching real-time event data...
2025-03-23 14:11:23,204 - INFO - Fetching real-time event data...
2025-03-23 14:11:35,024 - INFO - Fetching real-time event data...
2025-03-23 14:11:46,893 - INFO - Fetching real-time event data...
2025-03-23 14:11:58,792 - INFO - Fetching real-time event data...
2025-03-23 14:12:10,706 - INFO - Fetching real-time event data...
2025-03-23 14:14:10,840 - INFO - Note: NumExpr detected 12 cores but "NUMEXPR_MAX_THREADS" not set, so enforcing safe limit of 8.
2025-03-23 14:14:10,841 - INFO - NumExpr defaulting to 8 threads.
2025-03-23 14:15:41,392 - INFO - Fetching real-time event data...
2025-03-23 14:15:54,537 - INFO - Fetching real-time event data...
2025-03-23 14:16:16,352 - INFO - Fetching real-time event data...
2025-03-23 14:17:03,581 - INFO - Fetching real-time event data...
2025-03-23 14:17:17,283 - INFO - Fetching real-time event data...
2025-03-23 14:17:22,757 - INFO - Fetching real-time event data...
2025-03-23 14:17:35,072 - INFO - Fetching real-time event data...
2025-03-23 14:17:45,733 - INFO - Fetching real-time event data...
2025-03-23 14:17:49,598 - INFO - Fetching real-time event data...
2025-03-23 14:17:52,195 - INFO - Fetching real-time event data...
2025-03-23 14:18:06,805 - INFO - Fetching real-time event data...
2025-03-23 14:18:23,614 - INFO - Fetching real-time event data...
2025-03-23 14:20:12,774 - INFO - Fetching real-time event data...
2025-03-23 14:20:28,119 - INFO - Fetching real-time event data...
2025-03-23 14:20:43,814 - INFO - Fetching real-time event data...
2025-03-23 14:20:59,250 - INFO - Fetching real-time event data...
2025-03-23 14:21:14,443 - INFO - Fetching real-time event data...
2025-03-23 14:21:29,969 - INFO - Fetching real-time event data...
2025-03-23 14:21:45,594 - INFO - Fetching real-time event data...
2025-03-23 14:22:00,842 - INFO - Fetching real-time event data...
2025-03-23 14:22:16,720 - INFO - Fetching real-time event data...
2025-03-23 14:22:32,510 - INFO - Fetching real-time event data...
2025-03-23 14:22:48,295 - INFO - Fetching real-time event data...
2025-03-23 14:23:04,121 - INFO - Fetching real-time event data...
2025-03-23 14:23:20,000 - INFO - Fetching real-time event data...
2025-03-23 14:23:35,549 - INFO - Fetching real-time event data...
2025-03-23 14:23:51,077 - INFO - Fetching real-time event data...
2025-03-23 14:24:06,652 - INFO - Fetching real-time event data...
2025-03-23 14:24:22,758 - INFO - Fetching real-time event data...
2025-03-23 14:24:47,226 - INFO - Fetching real-time event data...
2025-03-23 14:25:03,281 - INFO - Fetching real-time event data...
2025-03-23 14:25:18,700 - INFO - Fetching real-time event data...
2025-03-23 14:25:34,053 - INFO - Fetching real-time event data...
2025-03-23 14:25:51,589 - INFO - Fetching real-time event data...
2025-03-23 14:25:53,306 - INFO - Fetching real-time event data...
2025-03-23 14:26:11,508 - INFO - Fetching real-time event data...
2025-03-23 14:26:28,438 - INFO - Fetching real-time event data...
2025-03-23 14:26:45,120 - INFO - Fetching real-time event data...
2025-03-23 14:27:01,710 - INFO - Fetching real-time event data...
2025-03-23 14:27:17,880 - INFO - Fetching real-time event data...
2025-03-23 14:27:33,189 - INFO - Fetching real-time event data...
2025-03-23 14:27:49,404 - INFO - Fetching real-time event data...
2025-03-23 14:28:04,292 - INFO - Fetching real-time event data...
2025-03-23 14:28:19,190 - INFO - Fetching real-time event data...
2025-03-23 14:28:31,869 - INFO - Fetching real-time event data...
2025-03-23 14:28:46,404 - INFO - Fetching real-time event data...
2025-03-23 14:29:00,461 - INFO - Fetching real-time event data...
2025-03-23 14:29:08,992 - INFO - Fetching real-time event data...
2025-03-23 14:29:19,495 - INFO - Fetching real-time event data...
2025-03-23 14:29:21,657 - INFO - Fetching real-time event data...
2025-03-23 14:29:33,793 - INFO - Fetching real-time event data...
2025-03-23 14:29:40,899 - INFO - Fetching real-time event data...
2025-03-23 14:29:53,311 - INFO - Fetching real-time event data...
2025-03-23 14:30:04,112 - INFO - Fetching real-time event data...
2025-03-23 14:30:14,092 - INFO - Fetching real-time event data...
2025-03-23 14:30:28,600 - INFO - Fetching real-time event data...
2025-03-23 14:30:42,798 - INFO - Fetching real-time event data...
2025-03-23 14:30:57,312 - INFO - Fetching real-time event data...
2025-03-23 14:31:12,166 - INFO - Fetching real-time event data...
2025-03-23 14:31:27,275 - INFO - Fetching real-time event data...
2025-03-23 14:31:30,213 - INFO - Fetching real-time event data...
2025-03-23 14:31:40,314 - INFO - Fetching real-time event data...
2025-03-23 14:31:51,086 - INFO - Fetching real-time event data...
2025-03-23 14:31:55,060 - INFO - Fetching real-time event data...
2025-03-23 14:32:07,269 - INFO - Fetching real-time event data...
2025-03-23 14:32:23,815 - INFO - Fetching real-time event data...
2025-03-23 14:32:40,330 - INFO - Fetching real-time event data...
2025-03-23 14:32:57,536 - INFO - Fetching real-time event data...
2025-03-23 14:33:14,938 - INFO - Fetching real-time event data...
2025-03-23 14:33:30,300 - INFO - Fetching real-time event data...
2025-03-23 14:33:45,781 - INFO - Fetching real-time event data...
2025-03-23 14:33:54,961 - INFO - Fetching real-time event data...
2025-03-23 14:34:07,736 - INFO - Fetching real-time event data...
2025-03-23 14:34:24,018 - INFO - Fetching real-time event data...
2025-03-23 14:34:39,679 - INFO - Fetching real-time event data...
2025-03-23 14:34:55,174 - INFO - Fetching real-time event data...
2025-03-23 14:35:10,654 - INFO - Fetching real-time event data...
2025-03-23 14:35:26,059 - INFO - Fetching real-time event data...
2025-03-23 14:35:41,036 - INFO - Fetching real-time event data...
2025-03-23 14:35:57,029 - INFO - Fetching real-time event data...
2025-03-23 14:36:12,557 - INFO - Fetching real-time event data...
2025-03-23 14:36:25,348 - INFO - Fetching real-time event data...
2025-03-23 14:36:41,085 - INFO - Fetching real-time event data...
2025-03-23 14:36:56,213 - INFO - Fetching real-time event data...
2025-03-23 14:37:11,768 - INFO - Fetching real-time event data...
2025-03-23 14:37:27,510 - INFO - Fetching real-time event data...
2025-03-23 14:37:42,857 - INFO - Fetching real-time event data...
2025-03-23 14:37:58,333 - INFO - Fetching real-time event data...
2025-03-23 14:40:39,291 - INFO - Fetching real-time event data...
2025-03-23 14:40:56,125 - INFO - Fetching real-time event data...
2025-03-23 14:41:12,217 - INFO - Fetching real-time event data...
2025-03-23 14:41:27,955 - INFO - Fetching real-time event data...
2025-03-23 14:41:40,125 - INFO - Fetching real-time event data...
2025-03-23 14:42:06,978 - INFO - Fetching real-time event data...
2025-03-23 14:42:22,161 - INFO - Fetching real-time event data...
2025-03-23 14:42:37,024 - INFO - Fetching real-time event data...
2025-03-23 14:42:51,138 - INFO - Fetching real-time event data...
2025-03-23 14:43:05,122 - INFO - Fetching real-time event data...
2025-03-23 14:43:17,304 - INFO - Fetching real-time event data...
2025-03-23 14:43:29,573 - INFO - Fetching real-time event data...
2025-03-23 14:43:41,493 - INFO - Fetching real-time event data...
2025-03-23 14:43:53,784 - INFO - Fetching real-time event data...
2025-03-23 14:43:59,296 - INFO - Fetching real-time event data...
2025-03-23 14:44:09,770 - INFO - Fetching real-time event data...
2025-03-23 14:44:13,735 - INFO - Fetching real-time event data...
2025-03-23 14:44:25,229 - INFO - Fetching real-time event data...
2025-03-23 14:44:30,614 - INFO - Fetching real-time event data...
2025-03-23 14:44:45,113 - INFO - Fetching real-time event data...
2025-03-23 14:44:58,692 - INFO - Fetching real-time event data...
2025-03-23 14:45:05,327 - INFO - Fetching real-time event data...
2025-03-23 14:45:08,586 - INFO - Fetching real-time event data...
2025-03-23 14:45:21,836 - INFO - Fetching real-time event data...
2025-03-23 14:45:36,912 - INFO - Fetching real-time event data...
2025-03-23 14:45:52,136 - INFO - Fetching real-time event data...
2025-03-23 14:46:07,826 - INFO - Fetching real-time event data...
2025-03-23 14:46:09,064 - INFO - Fetching real-time event data...
2025-03-23 14:46:25,631 - INFO - Fetching real-time event data...
2025-03-23 14:46:27,762 - INFO - Fetching real-time event data...
2025-03-23 14:46:38,446 - INFO - Fetching real-time event data...
2025-03-23 14:46:41,215 - INFO - Fetching real-time event data...
2025-03-23 14:46:58,475 - INFO - Fetching real-time event data...
2025-03-23 14:46:59,759 - INFO - Fetching real-time event data...
2025-03-23 14:47:13,526 - INFO - Fetching real-time event data...
2025-03-23 14:48:39,481 - INFO - Fetching real-time event data...
2025-03-23 14:48:53,267 - INFO - Fetching real-time event data...
2025-03-23 14:49:09,424 - INFO - Fetching real-time event data...
2025-03-23 14:49:25,108 - INFO - Fetching real-time event data...
2025-03-23 14:49:40,325 - INFO - Fetching real-time event data...
2025-03-23 14:49:56,120 - INFO - Fetching real-time event data...
2025-03-23 14:54:19,859 - INFO - Fetching real-time event data...
2025-03-23 14:54:37,465 - INFO - Fetching real-time event data...
2025-03-23 14:54:54,269 - INFO - Fetching real-time event data...
2025-03-23 14:55:10,666 - INFO - Fetching real-time event data...
2025-03-23 14:55:27,120 - INFO - Fetching real-time event data...
2025-03-23 14:55:42,751 - INFO - Fetching real-time event data...
2025-03-23 14:55:58,083 - INFO - Fetching real-time event data...
2025-03-23 14:56:13,205 - INFO - Fetching real-time event data...
2025-03-23 14:56:27,428 - INFO - Fetching real-time event data...
2025-03-23 14:56:41,634 - INFO - Fetching real-time event data...
2025-03-23 14:56:55,502 - INFO - Fetching real-time event data...
2025-03-23 14:57:09,108 - INFO - Fetching real-time event data...
2025-03-23 14:57:22,429 - INFO - Fetching real-time event data...
2025-03-23 14:57:35,466 - INFO - Fetching real-time event data...
2025-03-23 14:57:47,348 - INFO - Fetching real-time event data...
2025-03-23 14:57:59,408 - INFO - Fetching real-time event data...
2025-03-23 14:58:11,399 - INFO - Fetching real-time event data...
2025-03-23 14:58:23,237 - INFO - Fetching real-time event data...
2025-03-23 14:58:35,220 - INFO - Fetching real-time event data...
2025-03-23 14:58:47,799 - INFO - Fetching real-time event data...
2025-03-23 14:58:59,707 - INFO - Fetching real-time event data...
2025-03-23 14:59:11,788 - INFO - Fetching real-time event data...
2025-03-23 14:59:24,830 - INFO - Fetching real-time event data...
2025-03-23 15:01:23,391 - INFO - Fetching real-time event data...
2025-03-23 15:01:35,763 - INFO - Fetching real-time event data...
2025-03-23 15:01:48,197 - INFO - Fetching real-time event data...
2025-03-23 15:02:00,311 - INFO - Fetching real-time event data...
2025-03-23 15:02:12,454 - INFO - Fetching real-time event data...
2025-03-23 15:02:24,662 - INFO - Fetching real-time event data...
2025-03-23 15:02:36,658 - INFO - Fetching real-time event data...
2025-03-23 15:02:48,685 - INFO - Fetching real-time event data...
2025-03-23 15:03:00,970 - INFO - Fetching real-time event data...
2025-03-23 15:03:13,211 - INFO - Fetching real-time event data...
2025-03-23 15:04:22,153 - INFO - Fetching real-time event data...
2025-03-23 15:04:37,789 - INFO - Fetching real-time event data...
2025-03-23 15:04:51,838 - INFO - Fetching real-time event data...
2025-03-23 15:05:06,476 - INFO - Fetching real-time event data...
2025-03-23 15:05:19,762 - INFO - Fetching real-time event data...
2025-03-23 15:05:39,143 - INFO - Fetching real-time event data...
2025-03-23 15:05:57,298 - INFO - Fetching real-time event data...
2025-03-23 15:06:09,463 - INFO - Fetching real-time event data...
2025-03-23 15:06:24,095 - INFO - Fetching real-time event data...
2025-03-23 15:06:39,798 - INFO - Fetching real-time event data...
2025-03-23 15:07:00,918 - INFO - Fetching real-time event data...
2025-03-23 15:07:41,026 - INFO - Fetching real-time event data...
2025-03-23 15:08:18,529 - INFO - Fetching real-time event data...
2025-03-24 09:19:21,929 - INFO - Note: NumExpr detected 12 cores but "NUMEXPR_MAX_THREADS" not set, so enforcing safe limit of 8.
2025-03-24 09:19:21,929 - INFO - NumExpr defaulting to 8 threads.
2025-03-24 09:39:56,064 - WARNING - Retrying (Retry(total=2, connect=None, read=None, redirect=None, status=None)) after connection broken by 'NameResolutionError("<urllib3.connection.HTTPSConnection object at 0x0000020B252A3290>: Failed to resolve 'oauth2.googleapis.com' ([Errno 11001] getaddrinfo failed)")': /token
2025-03-24 09:39:56,064 - WARNING - Retrying (Retry(total=1, connect=None, read=None, redirect=None, status=None)) after connection broken by 'NameResolutionError("<urllib3.connection.HTTPSConnection object at 0x0000020B2C0A9100>: Failed to resolve 'oauth2.googleapis.com' ([Errno 11001] getaddrinfo failed)")': /token
2025-03-24 09:39:56,064 - WARNING - Retrying (Retry(total=0, connect=None, read=None, redirect=None, status=None)) after connection broken by 'NameResolutionError("<urllib3.connection.HTTPSConnection object at 0x0000020B2C0A9B80>: Failed to resolve 'oauth2.googleapis.com' ([Errno 11001] getaddrinfo failed)")': /token
2025-03-24 09:39:56,180 - WARNING - Retrying (Retry(total=2, connect=None, read=None, redirect=None, status=None)) after connection broken by 'NameResolutionError("<urllib3.connection.HTTPSConnection object at 0x0000020B2C237B90>: Failed to resolve 'oauth2.googleapis.com' ([Errno 11001] getaddrinfo failed)")': /token
2025-03-24 09:39:56,180 - WARNING - Retrying (Retry(total=1, connect=None, read=None, redirect=None, status=None)) after connection broken by 'NameResolutionError("<urllib3.connection.HTTPSConnection object at 0x0000020B2C345DF0>: Failed to resolve 'oauth2.googleapis.com' ([Errno 11001] getaddrinfo failed)")': /token
2025-03-24 09:39:56,180 - WARNING - Retrying (Retry(total=0, connect=None, read=None, redirect=None, status=None)) after connection broken by 'NameResolutionError("<urllib3.connection.HTTPSConnection object at 0x0000020B2C3473E0>: Failed to resolve 'oauth2.googleapis.com' ([Errno 11001] getaddrinfo failed)")': /token
2025-03-24 09:39:58,992 - WARNING - Retrying (Retry(total=2, connect=None, read=None, redirect=None, status=None)) after connection broken by 'NameResolutionError("<urllib3.connection.HTTPSConnection object at 0x0000020B252E4FB0>: Failed to resolve 'oauth2.googleapis.com' ([Errno 11001] getaddrinfo failed)")': /token
2025-03-24 10:49:35,403 - INFO - Fetching real-time event data...
2025-03-24 10:49:46,996 - INFO - Fetching real-time event data...
2025-03-24 10:49:58,552 - INFO - Fetching real-time event data...
2025-03-24 10:50:10,068 - INFO - Fetching real-time event data...
2025-03-24 10:50:21,285 - INFO - Fetching real-time event data...
2025-03-24 10:50:32,349 - INFO - Fetching real-time event data...
2025-03-24 10:50:43,456 - INFO - Fetching real-time event data...
2025-03-24 10:50:54,755 - INFO - Fetching real-time event data...
2025-03-24 10:51:05,806 - INFO - Fetching real-time event data...
2025-03-24 10:51:16,829 - INFO - Fetching real-time event data...
2025-03-24 10:51:27,921 - INFO - Fetching real-time event data...
2025-03-24 10:51:39,449 - INFO - Fetching real-time event data...
2025-03-24 10:51:50,481 - INFO - Fetching real-time event data...
2025-03-24 10:52:02,085 - INFO - Fetching real-time event data...
2025-03-24 10:52:13,177 - INFO - Fetching real-time event data...
2025-03-24 10:52:24,231 - INFO - Fetching real-time event data...
2025-03-24 10:52:35,143 - INFO - Fetching real-time event data...
2025-03-24 10:52:46,179 - INFO - Fetching real-time event data...
2025-03-24 10:52:57,214 - INFO - Fetching real-time event data...
2025-03-24 10:53:08,269 - INFO - Fetching real-time event data...
2025-03-24 10:53:19,320 - INFO - Fetching real-time event data...
2025-03-24 10:53:30,326 - INFO - Fetching real-time event data...
2025-03-24 10:53:41,321 - INFO - Fetching real-time event data...
2025-03-24 10:53:52,984 - INFO - Fetching real-time event data...
2025-03-24 10:54:04,047 - INFO - Fetching real-time event data...
2025-03-24 10:54:15,169 - INFO - Fetching real-time event data...
2025-03-24 10:54:26,395 - INFO - Fetching real-time event data...
2025-03-24 10:54:37,647 - INFO - Fetching real-time event data...
2025-03-24 10:54:48,839 - INFO - Fetching real-time event data...
2025-03-24 11:54:03,081 - INFO - Note: NumExpr detected 12 cores but "NUMEXPR_MAX_THREADS" not set, so enforcing safe limit of 8.
2025-03-24 11:54:03,081 - INFO - NumExpr defaulting to 8 threads.
2025-03-24 14:26:06,681 - INFO - Note: NumExpr detected 12 cores but "NUMEXPR_MAX_THREADS" not set, so enforcing safe limit of 8.
2025-03-24 14:26:06,683 - INFO - NumExpr defaulting to 8 threads.
2025-03-24 15:24:10,419 - INFO - Note: NumExpr detected 12 cores but "NUMEXPR_MAX_THREADS" not set, so enforcing safe limit of 8.
2025-03-24 15:24:10,419 - INFO - NumExpr defaulting to 8 threads.
2025-03-24 15:24:47,518 - INFO - Fetching real-time event data...
2025-03-24 15:24:59,532 - INFO - Fetching real-time event data...
2025-03-24 15:25:10,810 - INFO - Fetching real-time event data...
2025-03-24 15:25:22,253 - INFO - Fetching real-time event data...
2025-03-24 15:25:34,118 - INFO - Fetching real-time event data...
2025-03-24 15:25:45,614 - INFO - Fetching real-time event data...
2025-03-24 15:25:57,447 - INFO - Fetching real-time event data...
2025-03-24 15:26:08,940 - INFO - Fetching real-time event data...
2025-03-24 15:26:20,096 - INFO - Fetching real-time event data...
2025-03-24 15:26:31,311 - INFO - Fetching real-time event data...
2025-03-24 15:26:42,860 - INFO - Fetching real-time event data...
2025-03-24 15:26:54,729 - INFO - Fetching real-time event data...
2025-03-24 15:27:06,359 - INFO - Fetching real-time event data...
2025-03-24 15:27:17,528 - INFO - Fetching real-time event data...
2025-03-24 15:27:28,904 - INFO - Fetching real-time event data...
2025-03-24 15:27:38,329 - INFO - Fetching Query
2025-03-24 15:27:43,945 - INFO - Fetching Query
2025-03-24 15:27:44,689 - INFO - Fetching Query
2025-03-24 15:27:53,191 - INFO - Fetching Query
2025-03-24 15:27:58,809 - INFO - Fetching Query
2025-03-24 15:27:59,422 - INFO - Fetching Query
2025-03-24 15:32:32,391 - INFO - Fetching all events data...
2025-03-24 15:35:37,636 - INFO - Fetching Query
2025-03-24 15:35:43,988 - INFO - Fetching Query
2025-03-24 15:35:44,971 - INFO - Fetching Query
2025-03-24 15:35:59,010 - INFO - Fetching Query
2025-03-24 15:36:00,393 - INFO - Fetching Query
2025-03-24 15:36:20,026 - INFO - Fetching Query
2025-03-24 15:36:21,200 - INFO - Fetching Query
2025-03-24 15:36:25,912 - INFO - Fetching all events data...
2025-03-24 15:36:47,944 - INFO - Fetching real-time event data...
2025-03-24 15:36:59,367 - INFO - Fetching real-time event data...
2025-03-24 15:37:10,865 - INFO - Fetching real-time event data...
2025-03-24 15:37:22,312 - INFO - Fetching real-time event data...
2025-03-24 15:37:32,369 - INFO - Fetching all events data...
2025-03-24 15:37:33,492 - INFO - Fetching real-time event data...
2025-03-24 15:37:46,867 - INFO - Fetching real-time event data...
2025-03-24 15:37:48,035 - INFO - Fetching all events data...
2025-03-24 15:39:45,777 - INFO - Fetching Query
2025-03-24 15:39:46,851 - INFO - Fetching Query
2025-03-24 15:39:51,318 - INFO - Fetching Query
2025-03-24 15:39:56,782 - INFO - Fetching Query
2025-03-24 15:39:57,572 - INFO - Fetching Query
2025-03-24 15:40:35,777 - INFO - Fetching Query
2025-03-24 15:40:36,877 - INFO - Fetching Query
2025-03-24 15:53:26,413 - INFO - Fetching Query
2025-03-24 15:53:32,742 - INFO - Fetching all events data...
2025-03-24 15:53:50,778 - INFO - Fetching all events data...
2025-03-24 15:53:59,498 - INFO - Fetching real-time event data...
2025-03-24 15:54:01,985 - INFO - Fetching all events data...
2025-03-24 15:54:13,797 - INFO - Fetching Query
2025-03-24 15:54:18,537 - INFO - Fetching all events data...
2025-03-24 16:25:25,221 - INFO - Fetching Query
2025-03-24 16:25:25,900 - WARNING - 403 POST https://bigquery.googleapis.com/bigquery/v2/projects/black-seer-454106-e1/jobs?prettyPrint=false: Access Denied: Project black-seer-454106-e1: User does not have bigquery.jobs.create permission in project black-seer-454106-e1.

Location: None
Job ID: 2c090269-351e-4075-8999-4beecce06fa2

2025-03-24 16:25:29,544 - INFO - Fetching Query
2025-03-24 16:25:30,395 - WARNING - 403 POST https://bigquery.googleapis.com/bigquery/v2/projects/black-seer-454106-e1/jobs?prettyPrint=false: Access Denied: Project black-seer-454106-e1: User does not have bigquery.jobs.create permission in project black-seer-454106-e1.

Location: None
Job ID: 11726204-a6ac-4705-a3f1-97a4fac60b63

2025-03-24 16:26:07,378 - INFO - Fetching Query
2025-03-24 16:26:10,455 - INFO - Fetching Query
2025-03-24 16:26:11,759 - INFO - Fetching Query
2025-03-24 16:29:59,618 - INFO - Fetching real-time event data...
2025-03-24 16:30:00,742 - INFO - Fetching Query
2025-03-24 16:31:10,743 - INFO - Fetching real-time event data...
2025-03-24 16:31:11,949 - INFO - Fetching Query
2025-03-24 16:36:51,948 - INFO - Fetching real-time event data...
2025-03-24 16:36:53,227 - INFO - Fetching Query
2025-03-24 16:38:36,036 - INFO - Fetching Query
2025-03-24 16:38:41,778 - INFO - Fetching Query
2025-03-24 16:38:42,555 - INFO - Fetching Query
2025-03-24 16:41:42,699 - INFO - Note: NumExpr detected 12 cores but "NUMEXPR_MAX_THREADS" not set, so enforcing safe limit of 8.
2025-03-24 16:41:42,699 - INFO - NumExpr defaulting to 8 threads.
2025-03-24 16:41:44,367 - INFO - Fetching Query
2025-03-24 16:41:50,377 - INFO - Fetching Query
2025-03-24 16:41:51,332 - INFO - Fetching Query
2025-03-24 16:42:09,883 - INFO - Fetching Query
2025-03-24 16:42:10,936 - INFO - Fetching Query
2025-03-24 16:42:20,557 - INFO - Fetching all events data...
2025-03-24 16:42:31,297 - INFO - Fetching Query
2025-03-24 16:48:41,273 - INFO - Note: NumExpr detected 12 cores but "NUMEXPR_MAX_THREADS" not set, so enforcing safe limit of 8.
2025-03-24 16:48:41,273 - INFO - NumExpr defaulting to 8 threads.
2025-03-24 16:48:43,176 - INFO - Fetching Query
2025-03-24 16:48:49,010 - INFO - Fetching Query
2025-03-24 16:48:49,788 - INFO - Fetching Query
2025-03-24 16:52:57,443 - INFO - Fetching real-time event data...
2025-03-24 16:53:04,005 - INFO - Fetching all events data...
2025-03-24 17:00:53,462 - INFO - Fetching Query
2025-03-24 17:01:01,987 - INFO - Fetching Query
2025-03-24 17:01:02,361 - WARNING - 400 Syntax error: Unexpected identifier "order_id" at [1:1]; reason: invalidQuery, location: query, message: Syntax error: Unexpected identifier "order_id" at [1:1]

Location: asia-south1
Job ID: 2c09455f-11e6-4295-a5c4-091fc87869f2

2025-03-24 17:02:10,420 - INFO - Fetching real-time event data...
2025-03-24 17:02:12,155 - INFO - Fetching Query
2025-03-24 17:03:26,901 - INFO - Fetching real-time event data...
2025-03-24 17:03:28,062 - INFO - Fetching Query
2025-03-24 17:03:29,231 - INFO - Fetching Query
2025-03-24 17:11:06,831 - INFO - Fetching real-time event data...
2025-03-24 17:11:15,885 - INFO - Fetching real-time event data...
2025-03-24 17:13:35,234 - INFO - Fetching real-time event data...
2025-03-24 17:29:56,906 - INFO - Note: NumExpr detected 12 cores but "NUMEXPR_MAX_THREADS" not set, so enforcing safe limit of 8.
2025-03-24 17:29:56,906 - INFO - NumExpr defaulting to 8 threads.
2025-03-24 17:30:41,125 - INFO - Fetching Query
2025-03-24 17:31:20,357 - INFO - Fetching real-time event data...
2025-03-24 17:38:19,350 - INFO - Note: NumExpr detected 12 cores but "NUMEXPR_MAX_THREADS" not set, so enforcing safe limit of 8.
2025-03-24 17:38:19,350 - INFO - NumExpr defaulting to 8 threads.
2025-03-24 17:38:21,151 - INFO - Fetching Query
2025-03-24 17:39:50,678 - INFO - Fetching real-time event data...
2025-03-24 17:40:07,285 - INFO - Fetching all events data...
2025-03-24 17:42:03,552 - INFO - Fetching Query
2025-03-24 17:42:05,030 - INFO - Fetching Query
2025-03-24 17:42:18,735 - INFO - Fetching Query
2025-03-24 17:42:20,192 - INFO - Fetching Query
2025-03-24 17:42:41,319 - INFO - Fetching all events data...
2025-03-24 17:42:55,360 - INFO - Fetching real-time event data...
2025-03-24 17:43:09,440 - INFO - Fetching all events data...
2025-03-24 17:44:35,584 - INFO - Fetching all events data...
2025-03-24 17:44:47,250 - INFO - Fetching all events data...
2025-03-25 16:32:13,982 - INFO - Note: NumExpr detected 12 cores but "NUMEXPR_MAX_THREADS" not set, so enforcing safe limit of 8.
2025-03-25 16:32:13,982 - INFO - NumExpr defaulting to 8 threads.
2025-03-25 16:32:17,213 - INFO - Fetching Query
2025-03-25 16:32:24,906 - INFO - Fetching Query
2025-03-25 16:32:27,163 - INFO - Fetching Query
2025-03-25 16:32:40,977 - INFO - Note: NumExpr detected 12 cores but "NUMEXPR_MAX_THREADS" not set, so enforcing safe limit of 8.
2025-03-25 16:32:40,984 - INFO - NumExpr defaulting to 8 threads.
2025-03-25 16:32:43,156 - INFO - Fetching Query
2025-03-25 16:32:50,154 - INFO - Fetching Query
2025-03-25 16:32:51,358 - INFO - Fetching Query
2025-03-25 17:44:37,440 - INFO - Note: NumExpr detected 12 cores but "NUMEXPR_MAX_THREADS" not set, so enforcing safe limit of 8.
2025-03-25 17:44:37,440 - INFO - NumExpr defaulting to 8 threads.
2025-03-25 17:44:39,340 - INFO - Fetching Query
2025-03-25 21:00:43,641 - INFO - Note: NumExpr detected 12 cores but "NUMEXPR_MAX_THREADS" not set, so enforcing safe limit of 8.
2025-03-25 21:00:43,653 - INFO - NumExpr defaulting to 8 threads.
2025-03-25 21:00:49,323 - INFO - Fetching Query
2025-03-25 21:00:56,256 - INFO - Fetching Query
2025-03-25 21:00:58,382 - INFO - Fetching Query
2025-03-25 21:37:36,830 - INFO - Note: NumExpr detected 12 cores but "NUMEXPR_MAX_THREADS" not set, so enforcing safe limit of 8.
2025-03-25 21:37:36,830 - INFO - NumExpr defaulting to 8 threads.
2025-03-25 21:37:39,226 - INFO - Fetching Query
2025-03-25 21:39:55,624 - INFO - Fetching real-time event data...
2025-03-25 21:40:42,926 - INFO - Fetching real-time event data...
2025-03-25 22:42:01,530 - INFO - Note: NumExpr detected 12 cores but "NUMEXPR_MAX_THREADS" not set, so enforcing safe limit of 8.
2025-03-25 22:42:01,530 - INFO - NumExpr defaulting to 8 threads.
2025-03-25 22:42:07,179 - INFO - Fetching Query
2025-03-25 22:42:15,429 - INFO - Fetching Query
2025-03-25 22:42:16,407 - INFO - Fetching Query
2025-03-25 22:42:21,643 - INFO - Fetching Query
2025-03-25 22:42:23,011 - WARNING - 400 Unrecognized name: order_status; Did you mean OrderStatus? at [2:8]; reason: invalidQuery, location: query, message: Unrecognized name: order_status; Did you mean OrderStatus? at [2:8]

Location: asia-south1
Job ID: a8e1bf78-5a7d-4bbe-b321-494edcb9caa6

2025-03-25 22:42:23,019 - INFO - Fetching Query
2025-03-25 22:42:23,525 - WARNING - 400 Unrecognized name: purchase_timestamp at [2:13]; reason: invalidQuery, location: query, message: Unrecognized name: purchase_timestamp at [2:13]

Location: asia-south1
Job ID: ff20dc87-e0db-4bbb-94d9-f3e20f79238a

2025-03-25 22:48:13,409 - INFO - Fetching Query
2025-03-25 22:48:15,371 - INFO - Fetching Query
2025-03-25 22:50:42,254 - INFO - Fetching all events data...
2025-03-25 22:54:53,425 - INFO - Fetching real-time event data...
2025-03-25 22:57:36,079 - INFO - Fetching real-time event data...
2025-03-25 22:58:48,604 - INFO - Fetching real-time event data...
2025-03-25 23:00:46,132 - INFO - Fetching real-time event data...
2025-03-25 23:09:56,249 - INFO - Fetching real-time event data...
2025-03-25 23:16:00,130 - INFO - Note: NumExpr detected 12 cores but "NUMEXPR_MAX_THREADS" not set, so enforcing safe limit of 8.
2025-03-25 23:16:00,130 - INFO - NumExpr defaulting to 8 threads.
2025-03-25 23:16:05,034 - INFO - Fetching Query
2025-03-25 23:19:42,468 - INFO - Note: NumExpr detected 12 cores but "NUMEXPR_MAX_THREADS" not set, so enforcing safe limit of 8.
2025-03-25 23:19:42,468 - INFO - NumExpr defaulting to 8 threads.
2025-03-25 23:19:46,394 - INFO - Fetching Query
2025-03-25 23:24:38,504 - INFO - Note: NumExpr detected 12 cores but "NUMEXPR_MAX_THREADS" not set, so enforcing safe limit of 8.
2025-03-25 23:24:38,504 - INFO - NumExpr defaulting to 8 threads.
2025-03-25 23:24:42,036 - INFO - Fetching Query
2025-03-25 23:24:49,632 - INFO - Fetching Query
2025-03-25 23:24:50,984 - INFO - Fetching Query
2025-03-25 23:28:02,525 - INFO - Fetching real-time event data...
2025-03-25 23:34:03,933 - INFO - Note: NumExpr detected 12 cores but "NUMEXPR_MAX_THREADS" not set, so enforcing safe limit of 8.
2025-03-25 23:34:03,933 - INFO - NumExpr defaulting to 8 threads.
2025-03-25 23:34:06,672 - INFO - Fetching Query
2025-03-25 23:34:13,050 - INFO - Fetching Query
2025-03-25 23:34:14,478 - INFO - Fetching Query
2025-03-26 09:20:05,865 - INFO - Note: NumExpr detected 12 cores but "NUMEXPR_MAX_THREADS" not set, so enforcing safe limit of 8.
2025-03-26 09:20:05,865 - INFO - NumExpr defaulting to 8 threads.
2025-03-26 09:20:11,818 - INFO - Fetching Query
2025-03-26 09:20:18,106 - INFO - Fetching Query
2025-03-26 09:20:20,269 - INFO - Fetching Query
2025-03-26 09:22:37,282 - INFO - Fetching all events data...
2025-03-26 09:22:46,042 - INFO - Fetching all events data...
2025-03-26 09:22:57,043 - INFO - Fetching all events data...
2025-03-26 09:25:37,831 - INFO - Fetching real-time event data...
2025-03-26 09:31:20,191 - INFO - Fetching real-time event data...
2025-03-26 09:31:29,977 - INFO - Fetching all events data...
2025-03-26 09:31:42,733 - INFO - Fetching all events data...
2025-03-26 09:31:51,012 - INFO - Fetching all events data...
2025-03-26 09:32:04,458 - INFO - Fetching all events data...
2025-03-26 09:32:11,686 - INFO - Fetching all events data...
2025-03-26 09:49:50,160 - INFO - Fetching Query
2025-03-26 09:49:51,430 - INFO - Fetching Query
2025-03-26 09:50:01,056 - INFO - Fetching all events data...
2025-03-26 09:50:11,009 - INFO - Fetching real-time event data...
2025-03-26 09:50:22,656 - INFO - Fetching real-time event data...
2025-03-26 09:50:33,866 - INFO - Fetching real-time event data...
2025-03-26 09:52:10,890 - INFO - Note: NumExpr detected 12 cores but "NUMEXPR_MAX_THREADS" not set, so enforcing safe limit of 8.
2025-03-26 09:52:10,890 - INFO - NumExpr defaulting to 8 threads.
2025-03-26 09:52:11,959 - INFO - Fetching Query
2025-03-26 09:52:15,596 - INFO - Fetching real-time event data...
2025-03-26 09:52:25,250 - INFO - Fetching real-time event data...
2025-03-26 09:52:30,884 - INFO - Fetching real-time event data...
2025-03-26 09:52:45,105 - INFO - Fetching real-time event data...
2025-03-26 09:53:00,964 - INFO - Fetching real-time event data...
2025-03-26 09:53:06,265 - INFO - Fetching real-time event data...
2025-03-26 09:53:15,506 - INFO - Fetching real-time event data...
2025-03-26 09:53:20,544 - INFO - Fetching real-time event data...
2025-03-26 09:53:29,771 - INFO - Fetching real-time event data...
2025-03-26 09:53:35,326 - INFO - Fetching real-time event data...
2025-03-26 09:53:44,353 - INFO - Fetching real-time event data...
2025-03-26 09:53:49,808 - INFO - Fetching real-time event data...
2025-03-26 09:53:58,535 - INFO - Fetching real-time event data...
2025-03-26 09:54:04,106 - INFO - Fetching real-time event data...
2025-03-26 09:54:12,898 - INFO - Fetching real-time event data...
2025-03-26 09:54:18,285 - INFO - Fetching real-time event data...
2025-03-26 09:54:27,185 - INFO - Fetching real-time event data...
2025-03-26 09:54:32,475 - INFO - Fetching real-time event data...
2025-03-26 09:54:41,402 - INFO - Fetching real-time event data...
2025-03-26 09:54:46,919 - INFO - Fetching real-time event data...
2025-03-26 09:54:55,758 - INFO - Fetching real-time event data...
2025-03-26 09:55:01,291 - INFO - Fetching real-time event data...
2025-03-26 09:55:10,442 - INFO - Fetching real-time event data...
2025-03-26 09:55:15,804 - INFO - Fetching real-time event data...
2025-03-26 09:55:24,782 - INFO - Fetching real-time event data...
2025-03-26 09:55:30,100 - INFO - Fetching real-time event data...
2025-03-26 09:55:39,068 - INFO - Fetching real-time event data...
2025-03-26 09:55:44,407 - INFO - Fetching real-time event data...
2025-03-26 09:55:53,354 - INFO - Fetching real-time event data...
2025-03-26 09:55:58,738 - INFO - Fetching real-time event data...
2025-03-26 09:56:07,665 - INFO - Fetching real-time event data...
2025-03-26 09:56:13,530 - INFO - Fetching real-time event data...
2025-03-26 09:56:22,080 - INFO - Fetching real-time event data...
2025-03-26 09:56:36,320 - INFO - Fetching real-time event data...
2025-03-26 09:56:50,848 - INFO - Fetching real-time event data...
2025-03-26 09:57:05,221 - INFO - Fetching real-time event data...
2025-03-26 09:57:19,550 - INFO - Fetching real-time event data...
2025-03-26 09:57:33,983 - INFO - Fetching real-time event data...
2025-03-26 09:57:48,416 - INFO - Fetching real-time event data...
2025-03-26 09:58:02,989 - INFO - Fetching real-time event data...
2025-03-26 09:58:17,555 - INFO - Fetching real-time event data...
2025-03-26 09:58:31,937 - INFO - Fetching real-time event data...
2025-03-26 09:58:46,425 - INFO - Fetching real-time event data...
2025-03-26 09:59:00,671 - INFO - Fetching real-time event data...
2025-03-26 09:59:15,078 - INFO - Fetching real-time event data...
2025-03-26 09:59:29,462 - INFO - Fetching real-time event data...
2025-03-26 09:59:43,746 - INFO - Fetching real-time event data...
2025-03-26 09:59:58,277 - INFO - Fetching real-time event data...
2025-03-26 10:00:12,633 - INFO - Fetching real-time event data...
2025-03-26 10:00:27,048 - INFO - Fetching real-time event data...
2025-03-26 10:00:41,497 - INFO - Fetching real-time event data...
2025-03-26 10:00:55,855 - INFO - Fetching real-time event data...
2025-03-26 10:01:10,210 - INFO - Fetching real-time event data...
2025-03-26 10:01:24,387 - INFO - Fetching real-time event data...
2025-03-26 10:01:38,299 - INFO - Fetching real-time event data...
2025-03-26 10:01:51,559 - INFO - Fetching real-time event data...
2025-03-26 10:02:04,415 - INFO - Fetching real-time event data...
2025-03-26 10:02:16,066 - INFO - Fetching real-time event data...
2025-03-26 10:02:27,873 - INFO - Fetching real-time event data...
2025-03-26 10:02:39,474 - INFO - Fetching real-time event data...
2025-03-26 10:02:51,146 - INFO - Fetching real-time event data...
2025-03-26 10:03:02,890 - INFO - Fetching real-time event data...
2025-03-26 10:03:14,573 - INFO - Fetching real-time event data...
2025-03-26 10:03:26,269 - INFO - Fetching real-time event data...
2025-03-26 10:03:37,912 - INFO - Fetching real-time event data...
2025-03-26 10:03:49,507 - INFO - Fetching real-time event data...
2025-03-26 10:04:01,148 - INFO - Fetching real-time event data...
2025-03-26 10:04:12,732 - INFO - Fetching real-time event data...
2025-03-26 10:04:24,487 - INFO - Fetching real-time event data...
2025-03-26 10:04:36,536 - INFO - Fetching real-time event data...
2025-03-26 10:04:48,216 - INFO - Fetching real-time event data...
2025-03-26 10:05:00,167 - INFO - Fetching real-time event data...
2025-03-26 10:05:11,807 - INFO - Fetching real-time event data...
2025-03-26 10:05:23,400 - INFO - Fetching real-time event data...
2025-03-26 10:05:35,017 - INFO - Fetching real-time event data...
2025-03-26 10:05:46,628 - INFO - Fetching real-time event data...
2025-03-26 10:05:58,474 - INFO - Fetching real-time event data...
2025-03-26 10:06:09,871 - INFO - Fetching real-time event data...
2025-03-26 10:06:21,425 - INFO - Fetching real-time event data...
2025-03-26 10:06:32,645 - INFO - Fetching real-time event data...
2025-03-26 10:06:43,704 - INFO - Fetching real-time event data...
2025-03-26 10:06:54,797 - INFO - Fetching real-time event data...
2025-03-26 10:07:06,088 - INFO - Fetching real-time event data...
2025-03-26 10:07:17,210 - INFO - Fetching real-time event data...
2025-03-26 10:07:28,490 - INFO - Fetching real-time event data...
2025-03-26 10:07:39,659 - INFO - Fetching real-time event data...
2025-03-26 10:07:50,809 - INFO - Fetching real-time event data...
2025-03-26 10:08:02,009 - INFO - Fetching real-time event data...
2025-03-26 10:08:13,108 - INFO - Fetching real-time event data...
2025-03-26 10:08:24,220 - INFO - Fetching real-time event data...
2025-03-26 10:08:35,450 - INFO - Fetching real-time event data...
2025-03-26 10:08:46,596 - INFO - Fetching real-time event data...
2025-03-26 10:08:57,981 - INFO - Fetching real-time event data...
2025-03-26 10:09:09,130 - INFO - Fetching real-time event data...
2025-03-26 10:09:20,339 - INFO - Fetching real-time event data...
2025-03-26 10:09:31,452 - INFO - Fetching real-time event data...
2025-03-26 10:09:42,626 - INFO - Fetching real-time event data...
2025-03-26 10:09:53,689 - INFO - Fetching real-time event data...
2025-03-26 10:10:04,807 - INFO - Fetching real-time event data...
2025-03-26 10:10:15,973 - INFO - Fetching real-time event data...
2025-03-26 10:10:29,110 - INFO - Fetching real-time event data...
2025-03-26 10:10:40,199 - INFO - Fetching real-time event data...
2025-03-26 10:10:51,319 - INFO - Fetching real-time event data...
2025-03-26 10:11:02,447 - INFO - Fetching real-time event data...
2025-03-26 10:25:03,039 - INFO - Note: NumExpr detected 12 cores but "NUMEXPR_MAX_THREADS" not set, so enforcing safe limit of 8.
2025-03-26 10:25:03,039 - INFO - NumExpr defaulting to 8 threads.
2025-03-26 10:25:04,189 - INFO - Fetching Query
2025-03-26 10:25:09,794 - INFO - Fetching Query
2025-03-26 10:25:10,614 - INFO - Fetching Query
2025-03-26 10:25:16,728 - INFO - Fetching Query
2025-03-26 10:25:17,596 - INFO - Fetching Query
2025-03-26 10:51:59,652 - INFO - Note: NumExpr detected 12 cores but "NUMEXPR_MAX_THREADS" not set, so enforcing safe limit of 8.
2025-03-26 10:51:59,653 - INFO - NumExpr defaulting to 8 threads.
2025-03-26 10:52:00,785 - INFO - Fetching Query
2025-03-26 10:52:06,294 - INFO - Fetching Query
2025-03-26 10:52:07,206 - INFO - Fetching Query
2025-03-26 10:52:57,787 - INFO - Fetching Query
2025-03-26 10:52:58,739 - INFO - Fetching Query
2025-03-26 10:53:38,862 - INFO - Fetching all events data...
2025-03-26 10:53:56,036 - INFO - Fetching all events data...
2025-03-26 10:54:03,783 - INFO - Fetching all events data...
2025-03-26 10:54:13,633 - INFO - Fetching all events data...
2025-03-26 10:54:17,641 - INFO - Fetching all events data...
2025-03-26 10:54:40,958 - INFO - Fetching all events data...
2025-03-26 10:54:42,702 - INFO - Fetching all events data...
2025-03-26 10:54:51,454 - INFO - Fetching all events data...
2025-03-26 10:54:53,750 - INFO - Fetching all events data...
2025-03-26 10:55:02,746 - INFO - Fetching all events data...
2025-03-26 10:56:10,407 - INFO - Fetching real-time event data...
2025-03-26 10:56:21,852 - INFO - Fetching real-time event data...
2025-03-26 10:56:32,854 - INFO - Fetching real-time event data...
2025-03-26 10:56:43,813 - INFO - Fetching real-time event data...
2025-03-26 10:56:54,850 - INFO - Fetching real-time event data...
2025-03-26 10:57:05,832 - INFO - Fetching real-time event data...
2025-03-26 10:57:16,824 - INFO - Fetching real-time event data...
2025-03-26 10:57:27,868 - INFO - Fetching real-time event data...
2025-03-26 10:57:38,897 - INFO - Fetching real-time event data...
2025-03-26 10:57:49,964 - INFO - Fetching real-time event data...
2025-03-26 10:58:01,354 - INFO - Fetching real-time event data...
2025-03-26 10:58:12,480 - INFO - Fetching real-time event data...
2025-03-26 10:58:23,468 - INFO - Fetching real-time event data...
2025-03-26 10:58:34,409 - INFO - Fetching real-time event data...
2025-03-26 10:58:45,912 - INFO - Fetching real-time event data...
2025-03-26 10:58:56,955 - INFO - Fetching real-time event data...
2025-03-26 10:59:08,023 - INFO - Fetching real-time event data...
2025-03-26 10:59:19,105 - INFO - Fetching real-time event data...
2025-03-26 10:59:31,728 - INFO - Fetching real-time event data...
2025-03-26 10:59:42,809 - INFO - Fetching real-time event data...
2025-03-26 10:59:53,932 - INFO - Fetching real-time event data...
2025-03-26 11:00:05,041 - INFO - Fetching real-time event data...
2025-03-26 11:00:16,291 - INFO - Fetching real-time event data...
2025-03-26 11:00:27,447 - INFO - Fetching real-time event data...
2025-03-26 11:00:38,657 - INFO - Fetching real-time event data...
2025-03-26 11:00:49,826 - INFO - Fetching real-time event data...
2025-03-26 11:01:01,308 - INFO - Fetching real-time event data...
2025-03-26 11:01:12,268 - INFO - Fetching real-time event data...
2025-03-26 11:01:23,378 - INFO - Fetching real-time event data...
2025-03-26 11:01:34,437 - INFO - Fetching real-time event data...
2025-03-26 11:01:45,492 - INFO - Fetching real-time event data...
2025-03-26 11:01:56,524 - INFO - Fetching real-time event data...
2025-03-26 11:02:07,438 - INFO - Fetching real-time event data...
2025-03-26 11:02:18,408 - INFO - Fetching real-time event data...
2025-03-26 11:02:29,349 - INFO - Fetching real-time event data...
2025-03-26 11:02:40,359 - INFO - Fetching real-time event data...
2025-03-26 11:02:51,449 - INFO - Fetching real-time event data...
2025-03-26 11:03:02,497 - INFO - Fetching real-time event data...
2025-03-26 11:03:13,559 - INFO - Fetching real-time event data...
2025-03-26 11:03:24,629 - INFO - Fetching real-time event data...
2025-03-26 11:03:35,679 - INFO - Fetching real-time event data...
2025-03-26 11:03:47,023 - INFO - Fetching real-time event data...
2025-03-26 11:03:58,440 - INFO - Fetching real-time event data...
2025-03-26 11:04:10,078 - INFO - Fetching real-time event data...
2025-03-26 11:04:21,449 - INFO - Fetching real-time event data...
2025-03-26 11:04:32,872 - INFO - Fetching real-time event data...
2025-03-26 11:04:44,171 - INFO - Fetching real-time event data...
2025-03-26 11:04:55,685 - INFO - Fetching real-time event data...
2025-03-26 11:05:07,499 - INFO - Fetching real-time event data...
2025-03-26 11:05:19,165 - INFO - Fetching real-time event data...
2025-03-26 11:05:30,647 - INFO - Fetching real-time event data...
2025-03-26 11:05:42,081 - INFO - Fetching real-time event data...
2025-03-26 11:05:53,722 - INFO - Fetching real-time event data...
2025-03-26 11:06:05,226 - INFO - Fetching real-time event data...
2025-03-26 11:06:16,760 - INFO - Fetching real-time event data...
2025-03-26 11:06:28,313 - INFO - Fetching real-time event data...
2025-03-26 11:06:39,894 - INFO - Fetching real-time event data...
2025-03-26 11:06:50,966 - INFO - Fetching real-time event data...
2025-03-26 11:07:01,854 - INFO - Fetching real-time event data...
2025-03-26 11:07:13,320 - INFO - Fetching real-time event data...
2025-03-26 11:07:24,903 - INFO - Fetching real-time event data...
2025-03-26 11:07:36,418 - INFO - Fetching real-time event data...
2025-03-26 11:07:47,558 - INFO - Fetching real-time event data...
2025-03-26 11:07:59,051 - INFO - Fetching real-time event data...
2025-03-26 11:08:10,600 - INFO - Fetching real-time event data...
2025-03-26 11:08:21,762 - INFO - Fetching real-time event data...
2025-03-26 11:08:33,202 - INFO - Fetching real-time event data...
2025-03-26 11:08:44,587 - INFO - Fetching real-time event data...
2025-03-26 11:08:56,106 - INFO - Fetching real-time event data...
2025-03-26 11:09:07,493 - INFO - Fetching real-time event data...
2025-03-26 11:09:18,938 - INFO - Fetching real-time event data...
2025-03-26 11:09:30,550 - INFO - Fetching real-time event data...
2025-03-26 11:09:42,088 - INFO - Fetching real-time event data...
2025-03-26 11:09:53,617 - INFO - Fetching real-time event data...
2025-03-26 11:10:05,029 - INFO - Fetching real-time event data...
2025-03-26 11:10:16,534 - INFO - Fetching real-time event data...
2025-03-26 11:10:30,220 - INFO - Fetching real-time event data...
2025-03-26 11:10:41,699 - INFO - Fetching real-time event data...
2025-03-26 11:10:53,274 - INFO - Fetching real-time event data...
2025-03-26 11:11:04,503 - INFO - Fetching real-time event data...
2025-03-26 11:11:15,620 - INFO - Fetching real-time event data...
2025-03-26 11:11:26,990 - INFO - Fetching real-time event data...
2025-03-26 11:11:38,511 - INFO - Fetching real-time event data...
2025-03-26 11:11:50,196 - INFO - Fetching real-time event data...
2025-03-26 11:12:01,739 - INFO - Fetching real-time event data...
2025-03-26 11:12:13,196 - INFO - Fetching real-time event data...
2025-03-26 11:12:24,529 - INFO - Fetching real-time event data...
2025-03-26 11:12:35,822 - INFO - Fetching real-time event data...
2025-03-26 11:12:46,885 - INFO - Fetching real-time event data...
2025-03-26 11:12:57,854 - INFO - Fetching real-time event data...
2025-03-26 11:13:09,149 - INFO - Fetching real-time event data...
2025-03-26 11:13:20,719 - INFO - Fetching real-time event data...
2025-03-26 11:13:32,096 - INFO - Fetching real-time event data...
2025-03-26 11:13:43,633 - INFO - Fetching real-time event data...
2025-03-26 11:13:55,218 - INFO - Fetching real-time event data...
2025-03-26 11:14:06,860 - INFO - Fetching real-time event data...
2025-03-26 11:14:18,351 - INFO - Fetching real-time event data...
2025-03-26 11:14:29,751 - INFO - Fetching real-time event data...
2025-03-26 11:14:40,888 - INFO - Fetching real-time event data...
2025-03-26 11:14:51,957 - INFO - Fetching real-time event data...
2025-03-26 11:15:02,949 - INFO - Fetching real-time event data...
2025-03-26 11:15:13,957 - INFO - Fetching real-time event data...
2025-03-26 11:15:24,873 - INFO - Fetching real-time event data...
2025-03-26 11:15:35,847 - INFO - Fetching real-time event data...
2025-03-26 11:15:46,914 - INFO - Fetching real-time event data...
2025-03-26 11:15:58,174 - INFO - Fetching real-time event data...
2025-03-26 11:16:09,167 - INFO - Fetching real-time event data...
2025-03-26 11:16:20,264 - INFO - Fetching real-time event data...
2025-03-26 11:16:31,389 - INFO - Fetching real-time event data...
2025-03-26 11:16:42,600 - INFO - Fetching real-time event data...
2025-03-26 11:16:53,855 - INFO - Fetching real-time event data...
2025-03-26 11:17:04,944 - INFO - Fetching real-time event data...
2025-03-26 11:17:15,978 - INFO - Fetching real-time event data...
2025-03-26 11:17:27,176 - INFO - Fetching real-time event data...
2025-03-26 11:17:38,287 - INFO - Fetching real-time event data...
2025-03-26 11:17:49,598 - INFO - Fetching real-time event data...
2025-03-26 11:18:00,798 - INFO - Fetching real-time event data...
2025-03-26 11:18:11,948 - INFO - Fetching real-time event data...
2025-03-26 11:18:22,916 - INFO - Fetching real-time event data...
2025-03-26 11:18:34,004 - INFO - Fetching real-time event data...
2025-03-26 11:18:45,151 - INFO - Fetching real-time event data...
2025-03-26 11:18:56,085 - INFO - Fetching real-time event data...
2025-03-26 11:19:07,485 - INFO - Fetching real-time event data...
2025-03-26 11:19:18,999 - INFO - Fetching real-time event data...
2025-03-26 11:19:30,463 - INFO - Fetching real-time event data...
2025-03-26 11:19:42,224 - INFO - Fetching real-time event data...
2025-03-26 11:19:53,665 - INFO - Fetching real-time event data...
2025-03-26 11:20:05,182 - INFO - Fetching real-time event data...
2025-03-26 11:20:16,711 - INFO - Fetching real-time event data...
2025-03-26 11:20:28,122 - INFO - Fetching real-time event data...
2025-03-26 11:20:39,591 - INFO - Fetching real-time event data...
2025-03-26 11:20:51,125 - INFO - Fetching real-time event data...
2025-03-26 11:21:02,642 - INFO - Fetching real-time event data...
2025-03-26 11:21:14,073 - INFO - Fetching real-time event data...
2025-03-26 11:21:25,599 - INFO - Fetching real-time event data...
2025-03-26 11:21:37,176 - INFO - Fetching real-time event data...
2025-03-26 11:21:48,704 - INFO - Fetching real-time event data...
2025-03-26 11:22:00,219 - INFO - Fetching real-time event data...
2025-03-26 11:22:11,747 - INFO - Fetching real-time event data...
2025-03-26 11:22:22,835 - INFO - Fetching real-time event data...
2025-03-26 11:22:33,857 - INFO - Fetching real-time event data...
2025-03-26 11:22:45,204 - INFO - Fetching real-time event data...
2025-03-26 11:22:56,261 - INFO - Fetching real-time event data...
2025-03-26 11:23:07,473 - INFO - Fetching real-time event data...
2025-03-26 11:23:18,674 - INFO - Fetching real-time event data...
2025-03-26 11:23:29,781 - INFO - Fetching real-time event data...
2025-03-26 11:49:52,451 - INFO - Note: NumExpr detected 12 cores but "NUMEXPR_MAX_THREADS" not set, so enforcing safe limit of 8.
2025-03-26 11:49:52,451 - INFO - NumExpr defaulting to 8 threads.
2025-03-26 11:49:54,438 - INFO - Fetching Query
2025-03-26 11:50:00,211 - INFO - Fetching Query
2025-03-26 11:50:01,103 - INFO - Fetching Query
2025-03-26 11:50:06,830 - INFO - Fetching Query
2025-03-26 11:50:07,854 - INFO - Fetching Query
2025-03-27 11:35:59,530 - INFO - Note: NumExpr detected 12 cores but "NUMEXPR_MAX_THREADS" not set, so enforcing safe limit of 8.
2025-03-27 11:35:59,537 - INFO - NumExpr defaulting to 8 threads.
2025-03-27 11:36:05,404 - INFO - Fetching Query
2025-03-27 11:36:11,691 - INFO - Fetching Query
2025-03-27 11:36:13,233 - INFO - Fetching Query
2025-03-27 11:36:21,676 - INFO - Fetching Query
2025-03-27 11:36:23,647 - INFO - Fetching Query
2025-03-27 11:36:44,261 - INFO - Fetching all events data...
2025-03-27 11:37:22,645 - INFO - Fetching real-time event data...
2025-03-27 11:37:39,367 - INFO - Fetching real-time event data...
2025-03-27 11:37:50,546 - INFO - Fetching real-time event data...
2025-03-27 11:39:35,337 - INFO - Fetching real-time event data...
2025-03-27 11:39:48,309 - INFO - Fetching real-time event data...
2025-03-27 11:40:01,957 - INFO - Fetching real-time event data...
2025-03-27 11:40:15,372 - INFO - Fetching real-time event data...
2025-03-27 11:40:28,873 - INFO - Fetching real-time event data...
2025-03-27 11:40:42,853 - INFO - Fetching real-time event data...
2025-03-27 11:40:57,302 - INFO - Fetching real-time event data...
2025-03-27 11:41:11,421 - INFO - Fetching real-time event data...
2025-03-27 11:41:25,891 - INFO - Fetching real-time event data...
2025-03-27 11:41:40,215 - INFO - Fetching real-time event data...
2025-03-27 11:41:54,450 - INFO - Fetching real-time event data...
2025-03-27 11:42:09,128 - INFO - Fetching real-time event data...
2025-03-27 11:42:23,240 - INFO - Fetching real-time event data...
2025-03-27 11:42:37,459 - INFO - Fetching real-time event data...
2025-03-27 11:42:51,479 - INFO - Fetching real-time event data...
2025-03-27 11:43:05,724 - INFO - Fetching real-time event data...
2025-03-27 11:43:20,657 - INFO - Fetching real-time event data...
2025-03-27 11:43:34,939 - INFO - Fetching real-time event data...
2025-03-27 11:43:50,814 - INFO - Fetching real-time event data...
2025-03-27 11:44:05,321 - INFO - Fetching real-time event data...
2025-03-27 11:44:19,553 - INFO - Fetching real-time event data...
2025-03-27 11:44:33,644 - INFO - Fetching real-time event data...
2025-03-27 11:44:47,679 - INFO - Fetching real-time event data...
2025-03-27 11:45:01,909 - INFO - Fetching real-time event data...
2025-03-27 12:17:06,414 - INFO - Note: NumExpr detected 12 cores but "NUMEXPR_MAX_THREADS" not set, so enforcing safe limit of 8.
2025-03-27 12:17:06,414 - INFO - NumExpr defaulting to 8 threads.
2025-03-27 12:17:08,348 - INFO - Fetching Query
2025-03-27 12:17:14,572 - INFO - Fetching Query
2025-03-27 12:17:16,820 - INFO - Fetching Query
2025-03-27 12:18:50,421 - INFO - Fetching Query
2025-03-27 12:18:51,361 - INFO - Fetching Query
2025-03-27 12:19:32,050 - INFO - Fetching all events data...
2025-03-27 12:20:29,693 - INFO - Fetching real-time event data...
2025-03-27 12:20:41,585 - INFO - Fetching real-time event data...
2025-03-27 12:20:53,301 - INFO - Fetching real-time event data...
2025-03-27 12:21:05,196 - INFO - Fetching real-time event data...
2025-03-27 12:21:17,204 - INFO - Fetching real-time event data...
2025-03-27 12:21:28,885 - INFO - Fetching real-time event data...
2025-03-27 12:21:40,644 - INFO - Fetching real-time event data...
2025-03-27 12:21:52,561 - INFO - Fetching real-time event data...
2025-03-27 12:22:04,321 - INFO - Fetching real-time event data...
2025-03-27 12:22:16,492 - INFO - Fetching real-time event data...
2025-03-27 12:22:28,438 - INFO - Fetching real-time event data...
2025-03-27 12:22:40,121 - INFO - Fetching real-time event data...
2025-03-27 12:25:22,271 - INFO - Fetching all events data...
2025-03-27 12:26:00,175 - INFO - Fetching all events data...
2025-03-27 12:26:03,491 - INFO - Fetching all events data...
2025-03-27 12:26:22,961 - INFO - Fetching all events data...
2025-03-27 12:26:28,107 - INFO - Fetching real-time event data...
2025-03-27 12:26:39,991 - INFO - Fetching real-time event data...
2025-03-27 12:26:51,409 - INFO - Fetching real-time event data...
2025-03-27 12:27:04,567 - INFO - Fetching real-time event data...
2025-03-27 12:27:11,669 - INFO - Fetching all events data...
